proguard/seeds.txt
appbookmaster.base.ColorPickerPreference
appbookmaster.base.ColorPickerPreference: ColorPickerPreference(android.content.Context,android.util.AttributeSet,int)
appbookmaster.view.ScrollTextView
appbookmaster.view.ScrollTextView: ScrollTextView(android.content.Context,android.util.AttributeSet,int)
net.youmi.android.AdView
net.youmi.android.AdView: AdView(android.content.Context,android.util.AttributeSet,int)
com.baidu.mobstat.SendStrategyEnum: com.baidu.mobstat.SendStrategyEnum[] values()
com.baidu.mobstat.SendStrategyEnum: com.baidu.mobstat.SendStrategyEnum valueOf(java.lang.String)
net.youmi.android.AdView
com.baidu.mobstat.SendStrategyEnum
com.baidu.mobstat.StatActivity
com.baidu.mobstat.h
com.baidu.mobstat.g
com.baidu.mobstat.f
com.baidu.mobstat.e
com.baidu.mobstat.StatService
com.baidu.mobstat.l
com.baidu.mobstat.k
com.baidu.mobstat.j
com.baidu.mobstat.i
com.baidu.mobstat.d
com.baidu.mobstat.c
com.baidu.mobstat.b
com.baidu.mobstat.a
com.baidu.mobstat.o
com.baidu.mobstat.m
com.baidu.mobstat.n
com.gfan.sdk.statitistics.a.i
com.gfan.sdk.statitistics.a.i: long a
com.gfan.sdk.statitistics.a.i: long b
com.gfan.sdk.statitistics.a.i: long c
com.gfan.sdk.statitistics.a.i: java.lang.String d
com.gfan.sdk.statitistics.a.i: java.lang.String e
com.gfan.sdk.statitistics.a.i: java.util.List f
com.gfan.sdk.statitistics.a.i: int g
com.gfan.sdk.statitistics.a.i: i()
com.gfan.sdk.statitistics.a.i: void a(com.gfan.sdk.statitistics.c.a)
com.gfan.sdk.statitistics.a.i: java.lang.String toString()
com.gfan.sdk.statitistics.a.f
com.gfan.sdk.statitistics.a.f: double a
com.gfan.sdk.statitistics.a.f: double b
com.gfan.sdk.statitistics.a.f: f()
com.gfan.sdk.statitistics.a.f: void a(com.gfan.sdk.statitistics.c.a)
com.gfan.sdk.statitistics.a.f: java.lang.String toString()
com.gfan.sdk.statitistics.a.e
com.gfan.sdk.statitistics.a.e: java.lang.String a
com.gfan.sdk.statitistics.a.e: java.lang.String b
com.gfan.sdk.statitistics.a.e: long c
com.gfan.sdk.statitistics.a.e: int d
com.gfan.sdk.statitistics.a.e: boolean e
com.gfan.sdk.statitistics.a.e: e()
com.gfan.sdk.statitistics.a.e: void a(com.gfan.sdk.statitistics.c.a)
com.gfan.sdk.statitistics.a.e: java.lang.String toString()
com.gfan.sdk.statitistics.a.h
com.gfan.sdk.statitistics.a.h: java.lang.String a
com.gfan.sdk.statitistics.a.h: java.lang.String b
com.gfan.sdk.statitistics.a.h: java.lang.String c
com.gfan.sdk.statitistics.a.h: java.lang.String d
com.gfan.sdk.statitistics.a.h: com.gfan.sdk.statitistics.a.f e
com.gfan.sdk.statitistics.a.h: java.lang.String f
com.gfan.sdk.statitistics.a.h: java.lang.String g
com.gfan.sdk.statitistics.a.h: java.lang.String h
com.gfan.sdk.statitistics.a.h: java.lang.String i
com.gfan.sdk.statitistics.a.h: java.lang.String j
com.gfan.sdk.statitistics.a.h: int k
com.gfan.sdk.statitistics.a.h: java.lang.String l
com.gfan.sdk.statitistics.a.h: h()
com.gfan.sdk.statitistics.a.h: void a(com.gfan.sdk.statitistics.c.a)
com.gfan.sdk.statitistics.a.h: java.lang.String toString()
com.gfan.sdk.statitistics.a.g
com.gfan.sdk.statitistics.a.g: java.lang.String a
com.gfan.sdk.statitistics.a.g: long b
com.gfan.sdk.statitistics.a.g: int c
com.gfan.sdk.statitistics.a.g: java.lang.String d
com.gfan.sdk.statitistics.a.g: g()
com.gfan.sdk.statitistics.a.g: void a(com.gfan.sdk.statitistics.c.a)
com.gfan.sdk.statitistics.a.g: java.lang.String toString()
com.gfan.sdk.statitistics.a.c
com.gfan.sdk.statitistics.a.c: int a
com.gfan.sdk.statitistics.a.c: com.gfan.sdk.statitistics.a.e b
com.gfan.sdk.statitistics.a.c: com.gfan.sdk.statitistics.a.h c
com.gfan.sdk.statitistics.a.c: com.gfan.sdk.statitistics.a.b d
com.gfan.sdk.statitistics.a.c: java.util.List e
com.gfan.sdk.statitistics.a.c: java.util.List f
com.gfan.sdk.statitistics.a.c: byte[] g
com.gfan.sdk.statitistics.a.c: long h
com.gfan.sdk.statitistics.a.c: c()
com.gfan.sdk.statitistics.a.c: void a(com.gfan.sdk.statitistics.c.a)
com.gfan.sdk.statitistics.a.c: java.lang.String toString()