proguard/mapping.txt
appbookmaster.bean.BookMark -> appbookmaster.b.b:
    java.lang.Integer id -> a
    java.lang.Integer chapterid -> b
    java.lang.String catalog -> c
    java.lang.String title -> d
    java.lang.String bookmark -> e
    java.lang.String datetime -> f
    java.lang.String status -> g
    java.lang.Integer scrollto -> h
    java.lang.Integer getId() -> a
    java.lang.Integer getChapterid() -> b
    java.lang.String getCatalog() -> c
    java.lang.String getTitle() -> d
    java.lang.String getBookmark() -> e
    java.lang.String getDatetime() -> f
    java.lang.String getStatus() -> g
    java.lang.Integer getScrollto() -> h
appbookmaster.bean.CataLog -> appbookmaster.b.d:
    java.lang.Integer id -> a
    java.lang.String catalog -> b
    java.lang.String title -> c
    java.lang.String description -> d
    java.lang.Integer pid -> e
    java.lang.String status -> f
    java.lang.Integer getId() -> a
    java.lang.String getCatalog() -> b
    java.lang.String getTitle() -> c
    java.lang.String getStatus() -> d
appbookmaster.bean.Content -> appbookmaster.b.a:
    java.lang.Integer id -> a
    java.lang.String content -> b
    java.lang.Integer chapterid -> c
    java.lang.Integer scrollto -> d
    java.lang.String status -> e
    java.lang.Integer getId() -> a
    java.lang.String getContent() -> b
    java.lang.Integer getScrollto() -> c
    java.lang.String getStatus() -> d
appbookmaster.bean.Info -> appbookmaster.b.c:
    java.lang.String name -> a
    java.lang.String author -> b
    java.lang.String description -> c
    java.lang.String about -> d
    java.lang.String getName() -> a
    java.lang.String getAuthor() -> b
    java.lang.String getDescription() -> c
    java.lang.String getAbout() -> d
appbookmaster.bean.LastRead -> appbookmaster.b.e:
    java.lang.Integer id -> a
    java.lang.Integer chapterid -> b
    java.lang.Integer scrollto -> c
    java.lang.String status -> d
    java.lang.Integer getChapterid() -> a
    java.lang.String getStatus() -> b
appbookmaster.common.Constant -> appbookmaster.d.a:
    java.lang.Integer AD_INTERVAL -> a
    java.lang.Boolean AD_IS_DEBUG_MODE -> b
appbookmaster.db.DBHelper -> appbookmaster.c.a:
    java.lang.String DATABASE_PATH -> a
    android.app.Activity activity -> b
    java.lang.String DATABASE_FILENAME -> c
    android.database.sqlite.SQLiteDatabase openDatabase() -> a
appbookmaster.main.AppBookMasterActivity -> appbookmaster.main.AppBookMasterActivity:
    android.os.Handler handler -> d
    void onCreate(android.os.Bundle) -> onCreate
    appbookmaster.service.AppBookMasterService access$0(appbookmaster.main.AppBookMasterActivity) -> a
    void access$1(appbookmaster.main.AppBookMasterActivity,android.os.Message) -> a
    android.os.Message access$2(appbookmaster.main.AppBookMasterActivity) -> b
    android.os.Handler access$3(appbookmaster.main.AppBookMasterActivity) -> c
appbookmaster.main.AppBookMasterActivity$1 -> appbookmaster.main.l:
    appbookmaster.main.AppBookMasterActivity this$0 -> a
    void handleMessage(android.os.Message) -> handleMessage
appbookmaster.main.AppBookMasterActivity$2 -> appbookmaster.main.k:
    appbookmaster.main.AppBookMasterActivity this$0 -> a
    void run() -> run