proguard/usage.txt
appbookmaster.base.BaseActivity:
    protected static final int PROGRESS_DIALOG
appbookmaster.base.ColorPickerPreference$ColorPickerView:
    private static final int CENTER_X
    private static final int CENTER_Y
    private static final int CENTER_RADIUS
    private static final float PI
appbookmaster.bean.BookMark:
    16:17:public void setId(java.lang.Integer)
    22:23:public void setChapterid(java.lang.Integer)
    28:29:public void setCatalog(java.lang.String)
    34:35:public void setTitle(java.lang.String)
    40:41:public void setBookmark(java.lang.String)
    46:47:public void setDatetime(java.lang.String)
    52:53:public void setStatus(java.lang.String)
    58:59:public void setScrollto(java.lang.Integer)
appbookmaster.bean.CataLog:
    15:16:public void setId(java.lang.Integer)
    21:22:public void setCatalog(java.lang.String)
    27:28:public void setTitle(java.lang.String)
    30:30:public java.lang.String getDescription()
    33:34:public void setDescription(java.lang.String)
    36:36:public java.lang.Integer getPid()
    39:40:public void setPid(java.lang.Integer)
    45:46:public void setStatus(java.lang.String)
appbookmaster.bean.Content:
    13:14:public void setId(java.lang.Integer)
    19:20:public void setContent(java.lang.String)
    22:22:public java.lang.Integer getChapterid()
    25:26:public void setChapterid(java.lang.Integer)
    31:32:public void setScrollto(java.lang.Integer)
    37:38:public void setStatus(java.lang.String)
appbookmaster.bean.Info:
    private java.lang.Integer id
    10:10:public java.lang.Integer getId()
    13:14:public void setId(java.lang.Integer)
    19:20:public void setName(java.lang.String)
    25:26:public void setAuthor(java.lang.String)
    31:32:public void setDescription(java.lang.String)
    37:38:public void setAbout(java.lang.String)
appbookmaster.bean.LastRead:
    9:9:public java.lang.Integer getId()
    12:13:public void setId(java.lang.Integer)
    18:19:public void setChapterid(java.lang.Integer)
    21:21:public java.lang.Integer getScrollto()
    24:25:public void setScrollto(java.lang.Integer)
    30:31:public void setStatus(java.lang.String)
appbookmaster.common.Constant:
    public static final java.lang.String DATABASE_PATH_NAME
    public static final java.lang.String DATABASE_FILENAME
    public static final java.lang.String DATABASE_DBS
    public static final java.lang.String AD_APP_ID
    public static final java.lang.String AD_APP_PASSWORD
    public static final java.lang.String ADVICE_URL
appbookmaster.service.AppBookMasterService:
    58:62:public java.lang.String getStatusByChapterid(java.lang.Integer)
    78:82:public java.lang.Integer getChapterCount(java.lang.Integer)
appbookmaster.view.ScrollTextView:
    private static final int INVALID_POINTER
com.baidu.mobstat.StatService:
    public static final int EXCEPTION_LOG
    private static boolean a()
    private static void b()
    public static void setOn(android.content.Context,int)
    public static void setSendLogStrategy(android.content.Context,com.baidu.mobstat.SendStrategyEnum,int,boolean)
    public static void setSendLogStrategy(android.content.Context,com.baidu.mobstat.SendStrategyEnum,int)
    private static void a(android.content.Context)
    public static void onEvent(android.content.Context,java.lang.String,java.lang.String,int)
    public static void onEvent(android.content.Context,java.lang.String,java.lang.String)
com.baidu.mobstat.b:
    public static com.baidu.mobstat.b a()
    public void a(android.content.Context,java.lang.String,java.lang.String,int)
com.baidu.mobstat.c:
    final com.baidu.mobstat.b e
    c(com.baidu.mobstat.b,java.lang.String,java.lang.String,int,android.content.Context)
com.baidu.mobstat.f:
    public void a(android.content.Context,com.baidu.mobstat.SendStrategyEnum,int,boolean)
    public void a(boolean,android.content.Context)